this is debug
  this is info
  this is warn
  this is error
  this is fatal
  this is debug
  this is info
  this is warn
  this is error
  this is fatal
  this is debug
  this is info
  this is warn
  this is error
  this is fatal
  this is debug
  this is info
  this is warn
  this is error
  this is fatal
  this is debug
  this is info
  this is warn
  this is error
  this is fatal
  this is debug
  this is info
  this is warn
  this is error
  this is fatal
  this is debug
  this is info
  this is warn
  this is error
  this is fatal
  this is debug
  this is info
  this is warn
  this is error
  this is fatal
  